59.8264473525577 10.634125697124
59.8264473525577 10.634125697124
59.8264473525577 10.634125697124
59.8264473525577 10.634125697124
59.8264473525577 10.634125697124
59.8264939789737 10.634024100397
59.8264939789737 10.634024100397
59.8264939789737 10.634024100397
59.8264939789737 10.634024100397
59.8264939789737 10.634024100397
59.8264939789737 10.634024100397
59.8264939789737 10.634024100397
59.8264939789737 10.634024100397
59.8264939789737 10.634024100397
59.8264939789737 10.634024100397
59.8264939789737 10.634024100397
59.8264939789737 10.634024100397
59.8264939789737 10.634024100397
59.8264939789737 10.634024100397
59.8264927065759 10.6340218079548
59.8264762833866 10.6340367066147
59.8264508731765 10.6340655731915
59.8264159409696 10.634100120204
59.8263781575516 10.6341321294944
59.826337651091 10.6341581127068
59.8262959881797 10.6341760375137
59.8262532766764 10.6341819138953
59.8262071168206 10.6341810011486
59.826153139969 10.6341736154954
59.8260960205252 10.6341649529852
59.8260378217334 10.6341566881432
59.8259801708595 10.6341480254326
59.8259239820143 10.634151118798
59.8258706428434 10.6341695880019
59.825822276189 10.634197857876
59.8257744665756 10.6342262067642
59.8257260040373 10.6342547687558
59.8256765548432 10.634279324192
59.8256264598231 10.6343081748487
59.825576466039 10.6343390667967
59.8255267256111 10.634361674612
59.8254770896632 10.6343791901402
59.8254268200316 10.634384362737
59.82537365984 10.6343695137349
59.82531728493 10.6343389359142
59.8252611044167 10.6343106290088
59.8252066176289 10.6342986587925
59.8251549811324 10.6343103928391
59.8251101424692 10.6343515833046
59.8250795023383 10.634418997202
59.8250645933958 10.6345033349035
59.8250640383312 10.6345927695443
59.8250781890507 10.6346737321126
59.8251061682758 10.6347366374158
59.8251440227575 10.6347772876292
59.8251875541441 10.6347971697529
59.8252348074709 10.6348094854305
59.8252832424232 10.6348183381548
59.8253292905068 10.6348274326652
59.8253712517408 10.6348352541235
59.825410126191 10.6348394896415
59.8254486628536 10.6348444901122
59.8254879541359 10.6348536630683
59.8255264991767 10.6348637545343
59.8255665352842 10.6348741067283
59.8256050026455 10.6348945281697
59.8256352402891 10.6349368665409
59.8256498797664 10.6350074328322
59.8256457450472 10.6350962036254
59.8256380533995 10.6351840047618
59.825632563192 10.6352560410984
59.8256310097202 10.6353106739107
59.8256348131547 10.635366851896
59.8256477983094 10.6354270697036
59.8256758087814 10.6354752731609
59.8257128731028 10.6355127457148
59.8257553207201 10.6355481015471
59.8258040659963 10.6355894471141
59.8258561394773 10.6356356263756
59.8259093672791 10.6356835199587
59.8259619734412 10.6357319253975
59.8260155025467 10.6357815276835
59.8260715446605 10.6358315293148
59.8261286178762 10.6358832677124
59.826182395044 10.6359359133044
59.8262319126285 10.6359862313865
59.8262760773827 10.636032381028
59.8263165141129 10.6360782564714
59.8263547700505 10.6361250919676
59.8263943097143 10.6361764152738
59.8264382942415 10.6362332240378
59.8264870862164 10.636290906464
59.8265381686256 10.6363471847032
59.8265866158131 10.6363954193991
59.826628283168 10.6364355732996
59.8266609417094 10.6364714077431
59.8266817860913 10.636510574722
59.8266944891813 10.6365574111034
59.826696042915 10.6366164322195
59.8266892808446 10.636668742098
59.8266786207589 10.6367104776865
59.8266674209296 10.6367610783662
59.8266591001247 10.6368363339551
59.826661679234 10.6369214717862
59.8266831749969 10.6370003605651
59.8267228054882 10.6370723106413
59.8267812096878 10.6371444332778
59.8268552977143 10.6372308398044
59.8269392742307 10.6373361440796
59.8270306404819 10.6374539549827
59.827123050829 10.6375747876831
59.8272150316963 10.6376964232724
59.8273099130757 10.6378232195442
59.8274080577105 10.6379545450761
59.8275091070349 10.6380879182792
59.8276134922604 10.6382245352896
59.8277211376325 10.6383687332846
59.8278311629243 10.6385205916875
59.8279441611336 10.6386762294287
59.8280599808417 10.6388328155598
59.8281768584579 10.6389871483396
59.8282944838745 10.6391410389309
59.8284139846861 10.6392961196236
59.8285337333425 10.6394515964276
59.8286535154862 10.639607363338
59.8287765454265 10.6397681067235
59.8289040402132 10.6399327343142
59.8290331199539 10.6401034610265
59.8291611268976 10.6402775379746
59.8292884712409 10.6404516261865
59.8294174944976 10.6406261404795
59.8295472691354 10.6407975727153
59.8296770617003 10.6409649884824
59.8298130530242 10.6411223996691
59.8299572446093 10.6412596938862
59.8301044597235 10.6413729317145
59.8302524699469 10.6414557881247
59.8303971162467 10.6415073602555
59.8305395063728 10.6415328200197
59.8306783929197 10.6415313457244
59.8308148677829 10.6415052179262
59.8309500926073 10.6414560946277
59.8310841479143 10.6413926300821
59.8312204191579 10.6413226982558
59.8313587918529 10.6412488198954
59.8314987260382 10.6411744592706
59.8316412693094 10.6411025166202
59.8317849422057 10.6410400714099
59.8319333751919 10.6410038781878
59.8320846922625 10.6410012602198
59.8322366858042 10.6410308171837
59.8323865392705 10.641094541735
59.8325301283897 10.64119122801
59.8326684014449 10.6413141627967
59.8328025380676 10.6414650842293
59.8329333632519 10.6416297297228
59.8330631432846 10.6418014563791
59.8331938761705 10.6419743411121
59.8333252186378 10.6421443448242
59.8334552491103 10.642313043961
59.8335850261082 10.6424782426382
59.8337173727369 10.6426403101591
59.8338458711337 10.6428066760036
59.8339767354245 10.6429453106112
59.8341097322442 10.6430629034725
59.8342456123864 10.6431589376733
59.8343826107188 10.6432378157065
59.8345206370837 10.6433052493559
59.8346592372686 10.6433651427717
59.8347980786448 10.6434211413645
59.8349367452981 10.6434696035438
59.8350749502908 10.6435119637889
59.8352136794712 10.643554299274
59.8353532092484 10.6436041778342
59.8354924622838 10.6436679017171
59.8356297108595 10.6437472345316
59.8357640122624 10.6438413566292
59.8358941428245 10.6439568674759
59.836018492269 10.6440943061486
59.8361405983221 10.6442530878077
59.8362635311421 10.6444261321868
59.8363875620722 10.6446020896606
59.8365148015094 10.6447742312098
59.8366495018552 10.6449384897365
59.8367945487026 10.6450867705879
59.8369497485744 10.6452088806243
59.8371100148494 10.6453141552173
59.8372736482402 10.6454087184875
59.8374394266512 10.6454977538817
59.8376064628666 10.6455857145804
59.8377744781465 10.6456692889668
59.8379422193275 10.6457489489717
59.8381073841465 10.6458268586365
59.8382713797612 10.6459065826512
59.8384342391487 10.6459850977236
59.8385957399962 10.646059725617
59.8387570613086 10.6461325328367
59.838917457558 10.6462058370255
59.8390773438634 10.6462811715606
59.839236189536 10.646360347831
59.8393928290475 10.646450130707
59.8395466155417 10.6465545144891
59.839695158811 10.646665157733
59.8398413578405 10.6467794628595
59.8399852722198 10.6468968515092
59.8401289179693 10.6470178905311
59.8402715587661 10.6471435787496
59.8404114033962 10.6472774198061
59.8405468657133 10.6474206304377
59.8406803168864 10.6475749395411
59.8408095533545 10.647737544297
59.8409366262837 10.6479038888463
59.8410617539068 10.6480734913204
59.8411841714304 10.6482475911038
59.8413051888303 10.6484262123867
59.8414244814958 10.648606617943
59.8415428125777 10.6487895455726
59.8416596213617 10.6489778095672
59.8417762360981 10.6491742516696
59.8418939690211 10.6493751949954
59.8420121775629 10.6495766195399
59.8421289587436 10.6497785761597
59.8422462850776 10.6499800094396
59.842368842902 10.650176037332
59.8424953770409 10.6503711055052
59.8426219532116 10.6505715268866
59.8427492053195 10.6507751694039
59.8428790277009 10.6509774270827
59.8430071877773 10.6511807973227
59.8431300161573 10.651381072882
59.8432473846235 10.6515731659771
59.8433607635139 10.6517595672999
59.8434763685247 10.6519358105428
59.8436016436121 10.6520870407105
59.8437367809625 10.6522059948335
59.8438782934998 10.6523018080747
59.8440210617203 10.6523876189635
59.8441651760317 10.6524692227642
59.8443108832199 10.6525508715341
59.8444578506303 10.6526300756028
59.8446052154792 10.6527080465712
59.8447532561638 10.652784718298
59.8449019110586 10.6528623265888
59.8450520530608 10.6529427162287
59.8452019395362 10.6530330781072
59.8453508317903 10.6531364636606
59.8454985501033 10.6532531353174
59.8456451343312 10.6533831115279
59.8457899535482 10.653522574757
59.8459382845501 10.6536590314845
59.8460890772742 10.653782335732
59.8462360828895 10.6538932082008
59.8463774724033 10.6539859106704
59.8465135220668 10.6540464226457
59.8466483404922 10.6540654692516
59.8467822626363 10.6540394349751
59.8469135671383 10.6539705761355
59.8470399727859 10.6538764238895
59.8471668117529 10.6537768550182
59.8472941556715 10.6537028438842
59.8474228730138 10.6536753486171
59.847550268294 10.6536917737319
59.8476761324511 10.6537431581608
59.847801567053 10.6538286699695
59.8479260474402 10.653934591809
59.8480499493254 10.6540515556112
59.8481762498529 10.6541710336173
59.8483047495988 10.6542852718096
59.8484361777787 10.6543919730797
59.84856897028 10.6544852008763
59.8487031401061 10.6545608679217
59.8488360775185 10.6546197298253
59.8489679026145 10.6546633307293
59.8490985307326 10.6547012181167
59.8492255015162 10.6547513256772
59.8493485820968 10.6548192823053
59.8494710101617 10.6548966341813
59.8495955497258 10.6549804481441
59.8497199754174 10.6550707069547
59.8498426781441 10.6551623261442
59.8499606575358 10.6552504715952
59.8500693260779 10.6553366924239
59.8501643445244 10.6554222507916
59.8502418309417 10.6555147589543
59.8503021486407 10.6556243888057
59.850341850028 10.6557576016328
59.8503553359939 10.6559081141701
59.8503429405586 10.6560653746771
59.8503132246894 10.6562286347095
59.8502784876242 10.6563994948269
59.8502427901437 10.6565813648539
59.8502066224183 10.6567759564394
59.8501688241062 10.6569811837289
59.8501289052251 10.6571962642401
59.8500880306303 10.657420524387
59.8500451773244 10.6576521574668
59.8500001183118 10.6578870180768
59.8499547255786 10.6581231783253
59.8499094377544 10.6583577677289
59.8498646354851 10.6585865459975
59.8498211430598 10.6588069629111
59.8497794999672 10.6590208287441
59.8497403372632 10.6592306371099
59.8496981448316 10.6594358472554
59.8496516515305 10.6596447373343
59.8496020058094 10.6598579493678
59.8495470063981 10.6600737807
59.8494851137124 10.6602915213538
59.8494182762613 10.6605089485338
59.8493452043944 10.660726508041
59.8492643978138 10.6609469070863
59.8491785061644 10.6611692305876
59.8490904566655 10.6613947724223
59.8490004364924 10.6616242874088
59.8489082332036 10.6618559648695
59.8488138798695 10.6620900764059
59.8487176539283 10.6623284104708
59.8486251199656 10.6625757733013
59.8485446401981 10.6628375985728
59.8484787370242 10.6631154648255
59.8484279605889 10.6634034915156
59.8483965829394 10.6636994580541
59.8483837938472 10.664000767322
59.848384680613 10.6643028102873
59.8483950143002 10.6646010540549
59.8484044923706 10.6648969481898
59.8484068676997 10.6651928884366
59.8483946614044 10.6654863800075
59.8483624216179 10.6657759386911
59.8483133584385 10.6660522011691
59.8482472780067 10.6663111137627
59.8481624586682 10.666557596417
59.8480635867627 10.6667880805099
59.8479517358265 10.6669947302708
59.8478267860751 10.6671728478396
59.8476950852762 10.6673388634567
59.8475626746328 10.667504316143
59.8474360854928 10.6676809983308
59.8473205977528 10.6678766090603
59.8472206407798 10.6680964604719
59.8471381385515 10.6683343180143
59.8470681960338 10.6685853308252
59.8470039217425 10.6688473799907
59.8469411108771 10.6691132237903
59.8468750106134 10.6693779538541
59.8468002917452 10.6696353727608
59.8467150819517 10.6698790493162
59.8466235374842 10.6701046136811
59.8465313240644 10.6703171415829
59.846443167879 10.6705204684081
59.8463642731068 10.670708007982
59.8462977174518 10.6708735186088
59.846243737227 10.6710104911778
59.8461944895245 10.671116477515
59.846140224294 10.6712003145566
59.8460778604444 10.6712657864853
59.8460058955823 10.6713073851726
59.8459275714302 10.671322235787
59.8458460883275 10.6713201021654
59.845760271903 10.6713111302792
59.8456682047043 10.6713016721315
59.8455680806131 10.6712911329945
59.8454604257702 10.671282346225
59.845348705451 10.6712760434222
59.8452345885022 10.6712730207782
59.8451205577973 10.6712829880872
59.845009284904 10.6713051625032
59.8449012221526 10.6713440774714
59.8447894682208 10.6714015866762
59.8446712540842 10.6714773751524
59.8445466664143 10.6715655229753
59.8444203032787 10.6716584950995
59.8442935340864 10.6717535782455
59.8441647766469 10.671854760878
59.8440336082354 10.6719569964495
59.8438998929303 10.672058385054
59.843765778677 10.6721616366211
59.8436292937296 10.6722669175272
59.8434919063728 10.6723718193115
59.8433548526377 10.6724750980111
59.8432179298387 10.6725794175471
59.8430819216706 10.6726845737849
59.8429462913773 10.6727906568077
59.8428106713066 10.6728989025767
59.8426743093612 10.6730080474612
59.8425373135038 10.6731165387308
59.8423994018748 10.6732249794731
59.8422606389876 10.6733323847085
59.8421212203457 10.6734378088255
59.8419820940497 10.6735405759655
59.8418438552173 10.6736408274001
59.8417058577517 10.673737569475
59.8415670013313 10.6738294178594
59.841425311154 10.6739170376709
59.841280747115 10.6740022183866
59.8411348323303 10.6740841939129
59.8409882612405 10.6741637231537
59.8408408891557 10.674241803258
59.8406924334397 10.6743214680872
59.8405423938285 10.6744011400485
59.8403900928039 10.6744785710263
59.8402360885646 10.6745509035211
59.8400804916526 10.6746143352132
59.8399231010259 10.6746668818842
59.8397647518898 10.6747100941893
59.8396071007053 10.6747435540125
59.8394519548768 10.6747706199207
59.8392980703884 10.6748039037984
59.8391453662479 10.6748526664417
59.8389952641183 10.6749198845381
59.8388462307818 10.6750023112625
59.8386968821114 10.6750979046
59.8385477857238 10.6752045946067
59.8383992559409 10.6753193242657
59.8382513082443 10.6754369628288
59.8381041392285 10.6755544119467
59.8379571287963 10.675670448673
59.8378102348429 10.6757857900365
59.8376641058652 10.6759016065929
59.837517472287 10.6760170675957
59.8373698194105 10.6761321713168
59.8372210475364 10.6762465542344
59.8370713798508 10.6763596801313
59.8369199466737 10.6764699996729
59.8367661887434 10.6765809077946
59.8366104282453 10.6766893669756
59.8364533115179 10.67679171541
59.8362953060384 10.6768837510558
59.8361369408733 10.6769611906132
59.8359806834747 10.677024623145
59.835824946244 10.6770680255835
59.8356664297361 10.6770851036638
59.8355090791061 10.6770842739695
59.8353530555032 10.6770655871706
59.8351978355018 10.6770295633815
59.8350417298714 10.6769800550361
59.8348857340621 10.6769237992019
59.8347302313621 10.6768635388409
59.8345749472747 10.6768057731147
59.8344196471242 10.6767682546204
59.8342640291314 10.6767606462667
59.8341078909406 10.6767813084745
59.8339523233505 10.6768261382631
59.8337966669829 10.6768856402029
59.8336408193869 10.6769505964792
59.8334826273296 10.6770168936431
59.833322260019 10.6770834071498
59.8331609685711 10.6771510668671
59.832999763804 10.6772182874813
59.8328393912269 10.6772846973706
59.8326809791581 10.6773513762119
59.8325255639519 10.6774176968927
59.8323717019655 10.677482369956
59.8322184063689 10.677545029844
59.8320664905966 10.6776058047816
59.8319155112644 10.6776638688637
59.8317639503984 10.6777175850648
59.831611506472 10.6777688645549
59.8314577339036 10.677820797182
59.8313035798249 10.6778736131946
59.8311485554975 10.6779268311557
59.8309926900127 10.6779808580897
59.8308372836405 10.6780403780685
59.8306832580499 10.6781047430958
59.8305297083476 10.6781728557188
59.830376528017 10.6782399977396
59.8302243198917 10.6783037293663
59.8300722077332 10.6783633732124
59.8299202218479 10.6784213619516
59.8297678024275 10.6784764218333
59.8296133138426 10.6785242762418
59.8294565437277 10.678565679309
59.8292967995556 10.6786038693469
59.8291337808645 10.6786400183082
59.8289679487 10.678670180195
59.8288020366851 10.6786982010403
59.8286379508362 10.6787331822373
59.8284748166232 10.6787777213185
59.8283129569155 10.6788331093903
59.8281533129362 10.6788939863117
59.8279958218556 10.6789587708576
59.8278395404647 10.679022005814
59.8276835715967 10.6790825848263
59.8275279020148 10.6791412963877
59.8273727256432 10.6791990680161
59.82721843073 10.6792560226922
59.8270641565792 10.6793124104069
59.8269093683838 10.679368934084
59.8267554395626 10.6794234656183
59.8266020288564 10.6794763798464
59.8264491942099 10.6795290276097
59.82629697533 10.6795822328222
59.8261464346165 10.6796317949968
59.8259983370068 10.6796763952769
59.8258504941262 10.6797211810804
59.8257018321768 10.6797732317923
59.8255521380472 10.6798362186545
59.8254012231806 10.6799124973667
59.8252502359621 10.6800042583665
59.8251006609965 10.6801145787397
59.8249537788727 10.680244866383
59.8248092546386 10.6803924193979
59.8246702976178 10.6805573820521
59.8245375556763 10.6807369118585
59.8244099913613 10.6809270853128
59.8242827563426 10.681115392311
59.8241516451597 10.6812866034491
59.8240141211926 10.6814337515814
59.8238717303369 10.6815545321684
59.8237253199088 10.6816510800124
59.8235752522968 10.681722764783
59.8234213940371 10.6817721619124
59.8232636208655 10.6818082517379
59.8231027479268 10.6818389571834
59.8229397386203 10.6818733845401
59.8227766192343 10.6819070247359
59.8226154225664 10.6819389545266
59.8224550094936 10.6819733240284
59.8222941435922 10.6820081778592
59.8221340737327 10.6820424746486
59.8219747256284 10.68207692042
59.8218161533438 10.6821095771648
59.8216601418693 10.68214198227
59.8215072689711 10.6821744058674
59.821358070097 10.6822028540301
59.8212094128119 10.6822242013305
59.8210594835758 10.6822423658316
59.820909921716 10.6822586236963
59.8207618319042 10.682270820543
59.82061489284 10.6822769443792
59.8204645760124 10.6822812997958
59.8203132165036 10.6822883068879
59.8201617757859 10.6823119662151
59.8200060144736 10.6823630172417
59.8198571578524 10.6824508699224
59.8197188057449 10.6825792033845
59.819594121683 10.6827481434609
59.8194810444746 10.6829464567479
59.8193744603357 10.6831533644616
59.8192641926036 10.6833450316787
59.8191409002604 10.683507690535
59.8190085601197 10.6836349390088
59.8188693400994 10.6837251752373
59.8187261501506 10.6837899852191
59.8185790110457 10.6838457477706
59.8184285054721 10.6838988139301
59.8182744399274 10.683949458981
59.8181163459902 10.6839990419427
59.8179560469384 10.6840472297612
59.8177959054436 10.684091706847
59.8176371064601 10.6841241097894
59.8174794215003 10.6841366746927
59.817321545394 10.68412981478
59.8171630867115 10.684109499232
59.8170061284144 10.684082192989
59.8168503413413 10.6840525675971
59.8166961391026 10.6840226507322
59.8165438966392 10.6839905210529
59.8163896995814 10.6839586405686
59.8162332487663 10.6839287491376
59.8160773207401 10.6838990562739
59.8159236046158 10.6838746185283
59.8157732044768 10.6838674196948
59.8156282657931 10.6838915467819
59.8154921730703 10.6839548669559
59.8153661352808 10.6840614127877
59.8152483816892 10.6842080918198
59.8151362111554 10.6843852204769
59.8150264052017 10.6845815488608
59.814917508069 10.6847895992552
59.8148091778618 10.6850002729313
59.8146963622513 10.6851969849229
59.814575543867 10.6853756246658
59.8144499833609 10.6855377143244
59.8143230454945 10.6856841607189
59.8141968771244 10.6858233753774
59.8140711547412 10.6859629877713
59.8139458652902 10.6861053576664
59.8138199871732 10.6862475280422
59.8136929605065 10.6863928457951
59.8135619274167 10.6865441144795
59.8134262262584 10.6866964557926
59.8132879998231 10.6868471998408
59.8131495297695 10.6869933997702
59.81301185119 10.6871372527985
59.8128762495365 10.6872781611152
59.812740433833 10.6874069623213
59.8126011818332 10.6875202729431
59.8124583160379 10.6876174676955
59.8123137460373 10.6877048319485
59.8121680343452 10.6877862552364
59.8120213381553 10.6878602819792
59.8118719142214 10.6879305157781
59.8117205714921 10.6880004226357
59.8115687176671 10.6880770140803
59.8114174454534 10.6881597917151
59.8112667748471 10.6882485543009
59.8111205065739 10.6883608889811
59.8109868419824 10.6885197140956
59.8108653365786 10.6887127980746
59.810752571729 10.6889184144778
59.8106448685806 10.6891297103117
59.8105372898858 10.6893366666153
59.8104271181437 10.6895294392973
59.8103126241749 10.6897022932068
59.8101933541693 10.689855017863
59.8100696891535 10.6899918585659
59.8099410747362 10.6901171506348
59.8098082506216 10.6902356805544
59.8096723071917 10.690347431479
59.8095342440626 10.6904467704297
59.8093957492453 10.6905314415963
59.8092567474994 10.6906007391153
59.8091177429069 10.6906538007578
59.8089779661229 10.6906879622519
59.8088371601476 10.6907015475013
59.8086965853261 10.6907021469405
59.8085548350317 10.6906909743662
59.8084113935898 10.6906673506772
59.8082662028548 10.6906413626156
59.8081204167365 10.6906121004363
59.8079739653282 10.6905833424937
59.8078276902722 10.6905543525096
59.8076808865658 10.6905278898226
59.8075346808754 10.690499607495
59.8073901475743 10.6904679413188
59.8072460012387 10.6904334973829
59.8071034250007 10.6903996656044
59.8069617960305 10.6903666278037
59.8068203513214 10.6903339849309
59.8066786559976 10.6903129405335
59.8065383201136 10.6903109948216
59.8063999921559 10.6903213381003
59.8062644337667 10.690338253791
59.8061316869767 10.6903635647296
59.8060066924235 10.6904046147275
59.8058939692326 10.6904577036302
59.805795371435 10.6905136508126
59.8057114378202 10.6905612049368
59.8056404544173 10.6905941896534
59.8055805842748 10.6906090346987
59.8055282437568 10.6906032602991
59.8054840009153 10.690562869472
59.8054548679307 10.6904916644011
59.8054474742317 10.6903883345637
59.8054586175311 10.6902572874288
59.8054777470547 10.6900995265337
59.8054975586131 10.6899222925999
59.8055134352963 10.6897296701378
59.8055231485517 10.6895266154378
59.8055276669058 10.6893251534638
59.8055286748428 10.6891279562005
59.8055289407469 10.6889173813282
59.8055280112349 10.6886933641454
59.8055271867157 10.6884649553798
59.8055293033342 10.6882295288514
59.8055339361217 10.6879975897434
59.8055397692268 10.6877751618916
59.8055505169196 10.6875653091539
59.8055683992868 10.6873651560288
59.8055932407872 10.6871625569998
59.8056208868012 10.6869508894456
59.8056443137307 10.6867271072538
59.8056585118823 10.6864930465148
59.8056590831745 10.6862550543342
59.8056466038795 10.6860157965629
59.8056316869111 10.6857769213436
59.8056173689738 10.6855422357045
59.8056050526851 10.6853098919291
59.8056021914356 10.6850776290731
59.8056025756735 10.6848427031661
59.8056060193241 10.6846011633542
59.8056084386678 10.6843568007658
59.8056116044318 10.6841056364374
59.8056131389538 10.6838496095306
59.8056138240871 10.6835898856083
59.8056100722148 10.6833336230559
59.8056036715106 10.6830833673471
59.8055969183825 10.6828363458676
59.8055914585822 10.6825884352257
59.8055846610284 10.6823429068782
59.8055726211456 10.6821030331453
59.8055526767408 10.68186439217
59.8055232759408 10.6816294914116
59.8054871367056 10.6813953954135
59.8054538856442 10.6811554628833
59.8054275344647 10.6809044474658
59.8054065358048 10.6806505446843
59.8053911532579 10.680392818304
59.8053782306973 10.6801319857885
59.805365091864 10.6798687946598
59.805350140996 10.6796044072724
59.8053320149843 10.6793419454456
59.8053101242859 10.6790830926211
59.8052845909153 10.6788287409822
59.8052576787034 10.6785781807173
59.8052312369213 10.6783326333568
59.8052052342764 10.6780859057448
59.8051781537576 10.6778331628468
59.8051487643854 10.6775764596835
59.8051141567148 10.677320580042
59.80507336345 10.6770669518854
59.8050285681922 10.6768147190118
59.8049836043464 10.6765619546232
59.8049379497732 10.6763126989479
59.8048891228084 10.6760677824712
59.8048349553015 10.6758294124076
59.8047747380079 10.6756004986306
59.8047099395713 10.6753791385816
59.8046419179116 10.6751698976627
59.8045738342055 10.6749651740557
59.8045092025857 10.6747564815565
59.80444128324 10.6745542761098
59.8043784175695 10.6743454187892
59.8043209885458 10.6741299692454
59.8042652041114 10.6739100582907
59.8042101635739 10.6736873851723
59.8041543134481 10.673466530249
59.8040922336627 10.6732535833619
59.8040218855603 10.6730515981916
59.8039446776901 10.672858715864
59.8038641393671 10.672671608055
59.8037860967116 10.6724804439772
59.8037143072086 10.6722799419842
59.803649523766 10.6720677122422
59.8035900701164 10.6718477716677
59.8035351841268 10.6716241005584
59.803488030756 10.6713948859582
59.8034494902041 10.6711663358062
59.8034259168821 10.6709355554541
59.8034194332576 10.6706949075998
59.8034227275539 10.6704469325441
59.8034306056247 10.6701972039587
59.8034383111678 10.6699495544687
59.8034473093199 10.6697029328825
59.8034569633168 10.6694529854531
59.8034615786682 10.6692012863078
59.8034562781659 10.6689500697053
59.8034390712886 10.6687052249611
59.8034149344874 10.6684664386386
59.803386005751 10.6682311996578
59.803354536752 10.6679952382047
59.8033276369409 10.6677532096591
59.8033122336995 10.6675030199575
59.8033085343113 10.6672491987106
59.8033143943296 10.6669936747416
59.8033305919007 10.666739038266
59.8033511490136 10.6664811587224
59.8033714172493 10.6662258119502
59.8033880744516 10.6659734882354
59.8034000727265 10.6657238809241
59.8034044015809 10.6654741305799
59.8033983689753 10.665219954152
59.8033790258437 10.6649684291978
59.8033529756085 10.6647198608711
59.8033205835627 10.6644720032978
59.8032811102878 10.664226258515
59.8032390368468 10.6639819588753
59.8031957190468 10.663736877507
59.803150234411 10.6634938661988
59.8031028658292 10.6632553963952
59.803051175779 10.6630214607382
59.8029957786574 10.6627946292157
59.8029357064605 10.6625743458897
59.8028683083018 10.6623651077011
59.8027971807202 10.662158614814
59.8027257116886 10.661945660151
59.8026534421545 10.6617297570032
59.8025822487071 10.6615073064893
59.8025140962403 10.6612757604725
59.8024496853218 10.6610360303393
59.8023859961883 10.6607942556886
59.8023233527198 10.6605504917019
59.8022596903428 10.6603083978449
59.8021928477849 10.6600693990092
59.8021190310769 10.6598378036995
59.8020391815021 10.6596130564422
59.8019547410764 10.6593932595978
59.8018680857352 10.6591752374508
59.8017816153654 10.6589563670816
59.801694018565 10.6587356616107
59.8016064657493 10.6585147386761
59.8015202858358 10.6582948038724
59.8014351084287 10.6580775418507
59.8013511816401 10.6578613308116
59.8012682975961 10.6576476699176
59.8011874073694 10.6574362467983
59.8011078043141 10.6572286099968
59.8010303402563 10.6570241076772
59.8009561534055 10.6568188828286
59.8008846785232 10.6566087988652
59.8008131221393 10.6563951615449
59.8007408792554 10.6561793878777
59.8006666134789 10.655965513431
59.8005913056885 10.6557532163589
59.8005160091715 10.6555405454233
59.8004387260743 10.6553313812298
59.8003614650893 10.6551212137152
59.800282749268 10.6549130020133
59.8002000177047 10.654709052509
59.8001125489737 10.6545111756489
59.8000217717083 10.6543181702842
59.799928042837 10.6541282141115
59.7998308036773 10.6539459319531
59.7997291498777 10.6537744999088
59.7996232782328 10.6536125180254
59.7995139718098 10.6534558356423
59.7994040979319 10.6532976753773
59.7992948495737 10.6531347438722
59.7991838363618 10.6529756186734
59.7990737004669 10.6528133410198
59.7989682798803 10.6526367722386
59.7988706584816 10.652441855388
59.7987816760801 10.6522285155926
59.7987043895445 10.6519953204794
59.798636823568 10.6517493951346
59.798575545204 10.6514950592698
59.7985166758398 10.6512370762692
59.7984563159951 10.6509787163095
59.7983935742444 10.6507214191768
59.7983286086102 10.6504674640338
59.7982572729396 10.6502243682901
59.7981766117036 10.6499958160214
59.798089655231 10.649776653253
59.7979979475609 10.6495653022329
59.797902291856 10.6493612544329
59.7978039457283 10.6491627272001
59.7977033168241 10.648972369684
59.7975999678276 10.6487945041969
59.7974932023312 10.6486281852603
59.7973817350997 10.6484716753134
59.7972654872805 10.6483243754985
59.7971478940327 10.6481812469237
59.7970297016233 10.648041351755
59.7969107170995 10.6479072066477
59.796790448873 10.6477854681815
59.7966679537244 10.6476801485595
59.7965408412461 10.6475861565643
59.7964110961102 10.6474941083238
59.7962832559996 10.6473977395546
59.7961540941825 10.64729716269
59.7960295523665 10.6471751156037
59.7959191603238 10.6470235255053
59.7958178464164 10.6468503795378
59.7957284029869 10.6466513611146
59.795656366395 10.6464243390436
59.7955991259429 10.6461698365929
59.7955520591711 10.6458973558008
59.7955097137971 10.6456134446105
59.7954695636918 10.6453221055138
59.7954312386711 10.6450289720312
59.7953958200745 10.6447356663004
59.7953666452597 10.6444444320284
59.7953440081322 10.644151473371
59.7953230390653 10.6438591393262
59.7953000157369 10.6435683109621
59.7952731444919 10.64327748942
59.7952392193211 10.6429905670049
59.7951985848205 10.6427075632074
59.7951563756135 10.6424262985956
59.7951153710612 10.6421470625911
59.7950750903895 10.6418694558687
59.795035724994 10.6415957105041
59.7949997944375 10.6413271543079
59.7949733920676 10.6410525638077
59.79495743938 10.6407733008781
59.7949498601827 10.6404917502053
59.7949486347399 10.640207084468
59.794952415301 10.6399223347839
59.7949596172409 10.6396312988881
59.79496471121 10.6393434906571
59.7949686121605 10.6390595895014
59.7949749235999 10.6387747401855
59.7949817134192 10.6384913871813
59.7949884108877 10.6382100889231
59.79499480566 10.6379346357995
59.7950020517299 10.6376666222978
59.795009329119 10.6374096017323
59.7950156447915 10.6371626103062
59.7950197773567 10.6369337546993
59.7950222434499 10.6367327290636
59.7950236262736 10.6365654960872
59.7950233082593 10.6364314454817
59.7950177493378 10.6363248756635
59.7950034010523 10.6362363092677
59.7949763371313 10.6361687892017
59.7949339165808 10.6361354891857
59.7948789360451 10.636140423005
59.7948170560446 10.6361773713401
59.7947538967908 10.6362282387867
59.7946908474597 10.6362813327205
59.7946289821356 10.6363369236688
59.7945654996449 10.6363957259159
59.794496698397 10.6364563160665
59.794417531817 10.6365224793849
59.7943293244426 10.6365959938627
59.7942330883235 10.6366760552483
59.7941372406631 10.6367587442561
59.794043705042 10.6368402231747
59.7939464953564 10.6369243151658
59.7938432708754 10.6370135301728
59.7937342589444 10.6371083293068
59.7936202755514 10.6372059944281
59.7935032942096 10.637304013303
59.7933826167893 10.6373996965713
59.7932579343904 10.6374914143221
59.7931298606114 10.6375783241605
59.7929998009447 10.6376562151377
59.7928671515668 10.6377271206309
59.7927318946731 10.637788231443
59.7925938753541 10.6378332591193
59.792453722879 10.6378652184629
59.792313434788 10.6378924202626
59.7921718471762 10.6379146380376
59.79202783999 10.6379235200739
59.7918823925091 10.6379112802672
59.7917354219068 10.6378830625479
59.7915874521279 10.6378440031694
59.7914398549963 10.6378011227771
59.7912917391804 10.6377540894698
59.7911437073471 10.6377076438276
59.7909938774158 10.6376648016168
59.790842962673 10.6376303324366
59.7906910423867 10.6376091443657
59.7905375831572 10.6375936017759
59.7903820166537 10.6375813671161
59.7902267358144 10.6375748562643
59.7900731404877 10.6375733470966
59.789922236573 10.6375744699296
59.7897728304605 10.6375752029569
59.7896244277713 10.6375775274502
59.7894775215844 10.6375854679721
59.7893321251619 10.6375929821027
59.7891878481878 10.6375953320926
59.7890417930897 10.6375992546633
59.7888948131647 10.6376094721447
59.7887481105627 10.6376227200375
59.7886000275761 10.6376353944084
59.7884510846632 10.637645773886
59.7882991451186 10.6376505993467
59.7881452154148 10.6376478644695
59.787993129082 10.6376418517151
59.7878432961832 10.6376398166453
59.7876958537107 10.6376473459375
59.7875531021893 10.6376734583726
59.7874134986654 10.637716797974
59.7872763589337 10.637773163338
59.7871468435824 10.6378416565364
59.7870235818465 10.6379248322887
59.7869039747968 10.6380281051799
59.7867864002599 10.6381493227598
59.7866670502293 10.6382758122713
59.7865448322328 10.6383923971881
59.786418038238 10.6384772906597
59.7862844551528 10.6385189731198
59.7861499072246 10.6385162007165
59.7860140221649 10.638466811902
59.7858783297199 10.6383807280088
59.7857390715759 10.6382763575195
59.7855972107815 10.6381683234372
59.78545290597 10.6380577426401
59.7853071702565 10.6379473340357
59.7851605592441 10.6378403472029
59.7850146100365 10.6377368699073
59.7848684511752 10.6376329147922
59.7847155002594 10.6375319074398
59.7845626956263 10.6374339618403
59.7844099791602 10.6373379995234
59.784258894136 10.6372429945229
59.7841090540578 10.6371480686878
59.7839616598556 10.6370531543242
59.783815979073 10.6369574394146
59.7836722954347 10.636860923138
59.783529990579 10.6367677580269
59.7833876890454 10.6366747777284
59.7832457579001 10.6365810696192
59.7831033678166 10.6364894172875
59.7829606763064 10.63639706569
59.7828186494394 10.6363017496746
59.7826764380837 10.6362100021001
59.7825341729617 10.6361365351492
59.7823913244658 10.6360914771721
59.7822480251183 10.6360697381388
59.7821060285663 10.6360654212568
59.7819659144584 10.6360718286433
59.7818238321049 10.6360937619286
59.7816776321483 10.6361381500411
59.7815309425509 10.6361991139276
59.7813840567043 10.636270459312
59.7812360409857 10.6363464102678
59.7810874310545 10.6364261888232
59.7809382597601 10.6365101394373
59.7807894814206 10.6365981696127
59.7806432198766 10.636692847269
59.7805003978522 10.6367971512225
59.7803592257491 10.6369102799092
59.7802170385242 10.6370259038993
59.7800728354846 10.6371380835884
59.7799255647075 10.6372400504213
59.7797752919035 10.6373315231839
59.7796226959953 10.6374169143502
59.7794666685495 10.6374977284041
59.77930846378 10.6375758761784
59.7791495758933 10.6376524358605
59.7789913041816 10.6377282391666
59.7788343009377 10.6378000662052
59.7786763843703 10.6378658541198
59.7785150461292 10.6379271068778
59.7783511800059 10.6379834410087
59.7781864537935 10.6380340234443
59.7780215717608 10.638081060868
59.7778566907597 10.6381263207497
59.7776923722111 10.6381694430588
59.777531235812 10.6382041108234
59.7773746880779 10.6382241447018
59.7772197888219 10.6382252369522
59.7770658957417 10.6382112696429
59.7769121862993 10.6381853176468
59.7767594463545 10.6381486273529
59.7766075022062 10.6380956166806
59.7764584906848 10.6380303818661
59.7763110799449 10.6379537275548
59.7761648063368 10.6378715150355
59.7760180817238 10.6377989861223
59.7758692718475 10.6377515433111
59.7757183703316 10.6377315683457
59.7755643455419 10.637726019283
59.7754084408453 10.6377276119592
59.7752533071209 10.6377323893186
59.775098177831 10.6377393782134
59.7749432788275 10.6377532537483
59.7747891415318 10.6377733801435
59.7746350395593 10.6378017349993
59.7744780611055 10.6378434230635
59.7743161349784 10.6378901318682
59.774151605373 10.6379368337559
59.7739871882173 10.6379832353817
59.7738221106347 10.6380283753103
59.7736579061039 10.6380691216983
59.7734986273808 10.638108947135
59.7733438059368 10.6381485244363
59.7731909460746 10.6381907687334
59.7730379495587 10.6382279362762
59.772882016136 10.6382547537784
59.7727205572265 10.6382644879905
59.7725559548609 10.6382512268972
59.7723903623107 10.6382183022608
59.7722244962419 10.6381767206497
59.7720571638777 10.638134933831
59.7718855457796 10.6380859089071
59.7717121934072 10.6380305793667
59.771536905696 10.6379762060191
59.7713587170028 10.6379236640403
59.7711785516665 10.6378805856026
59.7709979012394 10.6378490503033
59.7708165126668 10.6378227465692
59.7706343650519 10.6378073683434
59.7704539191165 10.6378078182181
59.7702745280537 10.6378265497496
59.7700964815289 10.6378639668773
59.769918502731 10.6379109422657
59.7697381744961 10.6379522488088
59.7695572445922 10.6379815929413
59.7693765923222 10.6379976509939
59.7691976207814 10.6379958136722
59.7690192222358 10.6379693131412
59.7688391277208 10.6379165737156
59.7686586189109 10.6378446660669
59.7684777860918 10.6377578977808
59.7682974715789 10.6376671253172
59.7681193634033 10.6375685019673
59.7679429929793 10.6374680010088
59.767768853294 10.6373674349188
59.7675964515565 10.6372677408373
59.7674267679634 10.6371702013398
59.7672620526165 10.6370685236706
59.7671038644293 10.6369615005057
59.7669511756612 10.6368541635684
59.7668041523318 10.6367456257666
59.7666554592508 10.6366429937663
59.7665026274472 10.636558508731
59.7663471186979 10.6364938727818
59.7661903795016 10.6364382867031
59.7660325444041 10.6363784535623
59.7658744760785 10.6362972882334
59.7657189961716 10.6361838689693
59.7655643528369 10.6360481954652
59.7654139656475 10.6358963985422
59.7652695627084 10.6357416757936
59.7651262957236 10.6356028001191
59.7649794336441 10.6354877844312
59.7648311077304 10.6353884381733
59.7646819251691 10.6352952339282
59.7645327420382 10.635195886412
59.7643829706792 10.6350882265616
59.7642321884459 10.6349716024978
59.7640816787349 10.634844384199
59.7639310808697 10.6347164555181
59.7637781544682 10.6345954343493
59.7636235630104 10.6344852296474
59.7634672564929 10.6343897381525
59.763309364965 10.6343020743242
59.763151320531 10.6342234305588
59.762993034251 10.6341629542292
59.7628343957246 10.6341225372323
59.7626734313063 10.6341012628298
59.7625134649179 10.6340899543038
59.7623518384513 10.634085932514
59.7621892140049 10.6340885572331
59.7620262836582 10.6341101655852
59.7618651669537 10.6341616773388
59.7617050972084 10.634231678672
59.7615478466961 10.6343150695691
59.7613922953112 10.6344103762517
59.7612383104537 10.6345111734824
59.7610829383883 10.6346161286914
59.7609279828569 10.6347259840157
59.7607732053814 10.6348468262873
59.7606202262522 10.6349799090368
59.7604673205919 10.6351221260989
59.760311168572 10.6352580313075
59.7601503684537 10.63537299412
59.7599846852879 10.635461763934
59.7598150170882 10.6355279627406
59.7596422937976 10.6355777897527
59.7594681800352 10.6356183078827
59.759293782567 10.6356558145195
59.7591191371021 10.635694498212
59.7589444142113 10.6357380990061
59.7587686130269 10.6357853728749
59.7585923433762 10.6358377256269
59.7584181503629 10.6359018527966
59.7582458394367 10.6359798393629
59.7580752677455 10.6360711654342
59.7579075120033 10.6361723382283
59.757743228171 10.6362796338639
59.7575825717237 10.6363946060458
59.7574266015248 10.6365171507804
59.7572739664809 10.6366510629541
59.7571276461703 10.6368010294243
59.7569908411519 10.6369754562193
59.7568633550186 10.6371686150797
59.7567383712853 10.6373672413437
59.7566071564872 10.6375480589908
59.7564645531347 10.6376946654005
59.75631208182 10.6378028505167
59.7561549887259 10.6378788220618
59.7559940925285 10.6379453939176
59.755831930126 10.638014133404
59.7556697534798 10.6380818185865
59.7555088053729 10.6381435880977
59.7553491251542 10.6382032506074
59.7551934974251 10.6382639574489
59.7550413786975 10.6383230395956
59.7548903043022 10.6383813552863
59.7547384364058 10.6384354052311
59.7545865698576 10.6384752879879
59.7544361381234 10.6384888169234
59.7542853751638 10.6384812266785
59.7541334944024 10.6384491803738
59.7539809117465 10.6383913558692
59.7538320285451 10.6383051881477
59.7536870249536 10.6381989108187
59.7535452126055 10.6380830442085
59.7534058743638 10.6379669792334
59.7532671267678 10.6378580480271
59.7531298536043 10.6377589144036
59.7529882116928 10.6376768523847
59.7528431832989 10.6376068540229
59.7527006092106 10.6375485440661
59.7525686254545 10.6374955412038
59.7524518478048 10.6374490161014
59.7523551007722 10.6374085308198
59.7522840754536 10.637377155687
59.752235362924 10.6373688787108
59.7522048898247 10.6373982482546
59.7521976093378 10.6374584317802
59.7522198682286 10.637505017157
59.7522675084082 10.6375106909993
59.7523348356935 10.6375018245237
59.7524180433529 10.6374992634741
59.7525089570386 10.6375137696398
59.7526062377034 10.6375454488934
59.752714732499 10.6375894957414
59.752837325373 10.6376453660892
59.7529703109744 10.6377117240904
59.7531107134805 10.6377938588465
59.753255357859 10.6378918534401
59.7534008044859 10.6380018047272
59.7535452093133 10.6381181525326
59.7536864025365 10.6382311960608
59.7538246927953 10.6383325995606
59.7539607986578 10.6384150122512
59.7540917886518 10.6384744751369
59.7542100988287 10.63850920067
59.7543107117691 10.6385304065814
59.7543912008086 10.6385640702808
59.7544602955452 10.6386183744028
59.7545258512955 10.6387034479871
59.7545953116441 10.6388118768085
59.7546752552878 10.638913860052
59.754764791751 10.6389879671498
59.7548584830023 10.6390398473573
59.754945286699 10.6390921635905
59.7550273113167 10.6391550841757
59.7551058117412 10.6392417392356
59.7551823405611 10.6393498823733
59.7552611740703 10.6394688314045
59.7553423903933 10.6395923570675
59.7554274695818 10.6397119446647
59.7555152700711 10.6398292339461
59.7556009115424 10.6399480721892
59.7556793468265 10.6400730398253
59.7557523679686 10.6401892759635
59.7558246724543 10.6402800397512
59.7558957811404 10.6403488702513
59.7559595338901 10.6403966307759
59.7560106693488 10.6404197671345
59.756044626693 10.6404330837826
59.7560615716409 10.64044063769
59.7560667321119 10.6404392116674
59.7560676281025 10.6404326634297
59.7560693688208 10.6404274465361
59.7560712328406 10.6404218943311
59.7560713816844 10.6404172984447
59.7560707217655 10.6404167493191
59.7560707217655 10.6404167493191
59.7560707217655 10.6404167493191
59.7560707217655 10.6404167493191
59.7560707217655 10.6404167493191
59.7560707217655 10.6404167493191
59.7560707217655 10.6404167493191
59.7560707217655 10.6404167493191
59.7560707217655 10.6404167493191
59.7560707217655 10.6404167493191
59.7560707217655 10.6404167493191
59.7560707217655 10.6404167493191
59.7560707217655 10.6404167493191
59.7560707217655 10.6404167493191
59.7560707217655 10.6404167493191
59.7560707217655 10.6404167493191
59.7560707217655 10.6404167493191
59.7560707217655 10.6404167493191
